0 info it worked if it ends with ok
1 verbose cli [ '/usr/local/bin/node',
1 verbose cli   '/usr/local/bin/npm',
1 verbose cli   'install',
1 verbose cli   '-g',
1 verbose cli   'ios-deploy' ]
2 info using npm@2.15.0
3 info using node@v4.4.2
4 verbose install initial load of /usr/local/lib/package.json
5 verbose readDependencies loading dependencies from /usr/local/lib/package.json
6 silly cache add args [ 'ios-deploy', null ]
7 verbose cache add spec ios-deploy
8 silly cache add parsed spec Result {
8 silly cache add   raw: 'ios-deploy',
8 silly cache add   scope: null,
8 silly cache add   name: 'ios-deploy',
8 silly cache add   rawSpec: '',
8 silly cache add   spec: 'latest',
8 silly cache add   type: 'tag' }
9 silly addNamed ios-deploy@latest
10 verbose addNamed "latest" is being treated as a dist-tag for ios-deploy
11 info addNameTag [ 'ios-deploy', 'latest' ]
12 silly mapToRegistry name ios-deploy
13 silly mapToRegistry using default registry
14 silly mapToRegistry registry https://registry.npmjs.org/
15 silly mapToRegistry data Result {
15 silly mapToRegistry   raw: 'ios-deploy',
15 silly mapToRegistry   scope: null,
15 silly mapToRegistry   name: 'ios-deploy',
15 silly mapToRegistry   rawSpec: '',
15 silly mapToRegistry   spec: 'latest',
15 silly mapToRegistry   type: 'tag' }
16 silly mapToRegistry uri https://registry.npmjs.org/ios-deploy
17 verbose addNameTag registry:https://registry.npmjs.org/ios-deploy not in flight; fetching
18 verbose request uri https://registry.npmjs.org/ios-deploy
19 verbose request no auth needed
20 info attempt registry request try #1 at 12:20:40 AM
21 verbose request id b2a766b85eb37675
22 http request GET https://registry.npmjs.org/ios-deploy
23 http 200 https://registry.npmjs.org/ios-deploy
24 verbose headers { server: 'CouchDB/1.5.0 (Erlang OTP/R16B03)',
24 verbose headers   etag: '"5ALDUQ1GLDBEYMDJK8RUMV18V"',
24 verbose headers   'content-type': 'application/json',
24 verbose headers   'content-encoding': 'gzip',
24 verbose headers   'cache-control': 'max-age=300',
24 verbose headers   'content-length': '6873',
24 verbose headers   'accept-ranges': 'bytes',
24 verbose headers   date: 'Wed, 15 Jun 2016 16:20:41 GMT',
24 verbose headers   via: '1.1 varnish',
24 verbose headers   age: '0',
24 verbose headers   connection: 'keep-alive',
24 verbose headers   'x-served-by': 'cache-lax1421-LAX',
24 verbose headers   'x-cache': 'HIT',
24 verbose headers   'x-cache-hits': '1',
24 verbose headers   'x-timer': 'S1466007641.536744,VS0,VE338',
24 verbose headers   vary: 'Accept-Encoding' }
25 silly get cb [ 200,
25 silly get   { server: 'CouchDB/1.5.0 (Erlang OTP/R16B03)',
25 silly get     etag: '"5ALDUQ1GLDBEYMDJK8RUMV18V"',
25 silly get     'content-type': 'application/json',
25 silly get     'content-encoding': 'gzip',
25 silly get     'cache-control': 'max-age=300',
25 silly get     'content-length': '6873',
25 silly get     'accept-ranges': 'bytes',
25 silly get     date: 'Wed, 15 Jun 2016 16:20:41 GMT',
25 silly get     via: '1.1 varnish',
25 silly get     age: '0',
25 silly get     connection: 'keep-alive',
25 silly get     'x-served-by': 'cache-lax1421-LAX',
25 silly get     'x-cache': 'HIT',
25 silly get     'x-cache-hits': '1',
25 silly get     'x-timer': 'S1466007641.536744,VS0,VE338',
25 silly get     vary: 'Accept-Encoding' } ]
26 verbose get saving ios-deploy to /Users/yestar/.npm/registry.npmjs.org/ios-deploy/.cache.json
27 verbose correctMkdir /Users/yestar/.npm correctMkdir not in flight; initializing
28 silly addNameTag next cb for ios-deploy with tag latest
29 silly addNamed ios-deploy@1.8.6
30 verbose addNamed "1.8.6" is a plain semver version for ios-deploy
31 silly mapToRegistry name ios-deploy
32 silly mapToRegistry using default registry
33 silly mapToRegistry registry https://registry.npmjs.org/
34 silly mapToRegistry data Result {
34 silly mapToRegistry   raw: 'ios-deploy',
34 silly mapToRegistry   scope: null,
34 silly mapToRegistry   name: 'ios-deploy',
34 silly mapToRegistry   rawSpec: '',
34 silly mapToRegistry   spec: 'latest',
34 silly mapToRegistry   type: 'tag' }
35 silly mapToRegistry uri https://registry.npmjs.org/ios-deploy
36 verbose addRemoteTarball https://registry.npmjs.org/ios-deploy/-/ios-deploy-1.8.6.tgz not in flight; adding
37 verbose addRemoteTarball [ 'https://registry.npmjs.org/ios-deploy/-/ios-deploy-1.8.6.tgz',
37 verbose addRemoteTarball   'abb0b5132e7e6c89d1f521ba7c81c44eec54d4f5' ]
38 info retry fetch attempt 1 at 12:20:42 AM
39 info attempt registry request try #1 at 12:20:42 AM
40 http fetch GET https://registry.npmjs.org/ios-deploy/-/ios-deploy-1.8.6.tgz
41 http fetch 200 https://registry.npmjs.org/ios-deploy/-/ios-deploy-1.8.6.tgz
42 silly fetchAndShaCheck shasum abb0b5132e7e6c89d1f521ba7c81c44eec54d4f5
43 verbose addTmpTarball /tmp/npm-18844-0a7be2eb/registry.npmjs.org/ios-deploy/-/ios-deploy-1.8.6.tgz not in flight; adding
44 verbose addTmpTarball already have metadata; skipping unpack for ios-deploy@1.8.6
45 verbose correctMkdir /Users/yestar/.npm correctMkdir not in flight; initializing
46 silly cache afterAdd ios-deploy@1.8.6
47 verbose afterAdd /Users/yestar/.npm/ios-deploy/1.8.6/package/package.json not in flight; writing
48 verbose correctMkdir /Users/yestar/.npm correctMkdir not in flight; initializing
49 verbose afterAdd /Users/yestar/.npm/ios-deploy/1.8.6/package/package.json written
50 silly install resolved [ { name: 'ios-deploy',
50 silly install resolved     version: '1.8.6',
50 silly install resolved     os: [ 'darwin' ],
50 silly install resolved     description: 'launch iOS apps iOS devices from the command line (Xcode 7)',
50 silly install resolved     main: 'ios-deploy',
50 silly install resolved     scripts:
50 silly install resolved      { preinstall: './src/scripts/check_reqs.js && xcodebuild',
50 silly install resolved        test: 'npm run pycompile && npm run jshint && xcodebuild -target ios-deploy-lib && xcodebuild test -scheme ios-deploy-tests',
50 silly install resolved        jshint: 'node node_modules/jshint/bin/jshint src/scripts/*.js',
50 silly install resolved        pycompile: 'python -m py_compile src/scripts/*.py' },
50 silly install resolved     bin: { 'ios-deploy': './build/Release/ios-deploy' },
50 silly install resolved     repository:
50 silly install resolved      { type: 'git',
50 silly install resolved        url: 'git+https://github.com/phonegap/ios-deploy.git' },
50 silly install resolved     devDependencies: { jshint: '2.5.8' },
50 silly install resolved     keywords: [ 'ios-deploy', 'deploy to iOS device' ],
50 silly install resolved     bugs: { url: 'https://github.com/phonegap/ios-deploy/issues' },
50 silly install resolved     author: { name: 'Greg Hughes' },
50 silly install resolved     license: 'GPLv3',
50 silly install resolved     gitHead: 'd7cccae1ade60378ce1134f496b68eeac53eb860',
50 silly install resolved     homepage: 'https://github.com/phonegap/ios-deploy#readme',
50 silly install resolved     _id: 'ios-deploy@1.8.6',
50 silly install resolved     _shasum: 'abb0b5132e7e6c89d1f521ba7c81c44eec54d4f5',
50 silly install resolved     _from: 'ios-deploy@latest',
50 silly install resolved     _npmVersion: '2.14.7',
50 silly install resolved     _nodeVersion: '4.2.2',
50 silly install resolved     _npmUser: { name: 'shazron', email: 'shazron@gmail.com' },
50 silly install resolved     maintainers: [ [Object], [Object], [Object] ],
50 silly install resolved     dist:
50 silly install resolved      { shasum: 'abb0b5132e7e6c89d1f521ba7c81c44eec54d4f5',
50 silly install resolved        tarball: 'https://registry.npmjs.org/ios-deploy/-/ios-deploy-1.8.6.tgz' },
50 silly install resolved     _npmOperationalInternal:
50 silly install resolved      { host: 'packages-16-east.internal.npmjs.com',
50 silly install resolved        tmp: 'tmp/ios-deploy-1.8.6.tgz_1460409336359_0.34613347332924604' },
50 silly install resolved     directories: {},
50 silly install resolved     _resolved: 'https://registry.npmjs.org/ios-deploy/-/ios-deploy-1.8.6.tgz' } ]
51 info install ios-deploy@1.8.6 into /usr/local/lib
52 info installOne ios-deploy@1.8.6
53 verbose installOne of ios-deploy to /usr/local/lib not in flight; installing
54 verbose correctMkdir /Users/yestar/.npm/_locks correctMkdir not in flight; initializing
55 verbose lock using /Users/yestar/.npm/_locks/ios-deploy-198957223cd98201.lock for /usr/local/lib/node_modules/ios-deploy
56 silly install write writing ios-deploy 1.8.6 to /usr/local/lib/node_modules/ios-deploy
57 verbose unbuild lib/node_modules/ios-deploy
58 silly gentlyRm /usr/local/lib/node_modules/ios-deploy is being purged from base /usr/local
59 verbose gentlyRm don't care about contents; nuking /usr/local/lib/node_modules/ios-deploy
60 verbose tar unpack /Users/yestar/.npm/ios-deploy/1.8.6/package.tgz
61 verbose tar unpacking to /usr/local/lib/node_modules/ios-deploy
62 silly gentlyRm /usr/local/lib/node_modules/ios-deploy is being purged
63 verbose gentlyRm don't care about contents; nuking /usr/local/lib/node_modules/ios-deploy
64 silly gunzTarPerm modes [ '755', '644' ]
65 silly gunzTarPerm extractEntry package.json
66 silly gunzTarPerm extractEntry .npmignore
67 silly gunzTarPerm extractEntry README.md
68 silly gunzTarPerm extractEntry LICENSE
69 silly gunzTarPerm extractEntry CONTRIBUTING.md
70 silly gunzTarPerm extractEntry demo/.npmignore
71 silly gunzTarPerm extractEntry demo/Entitlements.plist
72 silly gunzTarPerm extractEntry demo/Info.plist
73 silly gunzTarPerm extractEntry demo/Makefile
74 silly gunzTarPerm extractEntry demo/ResourceRules.plist
75 silly gunzTarPerm extractEntry demo/demo.c
76 silly gunzTarPerm extractEntry ios-deploy.xcodeproj/project.pbxproj
77 silly gunzTarPerm extractEntry ios-deploy.xcodeproj/project.xcworkspace/xcuserdata/shaz.xcuserdatad/UserInterfaceState.xcuserstate
78 silly gunzTarPerm extractEntry ios-deploy.xcodeproj/xcshareddata/xcschemes/ios-deploy-tests.xcscheme
79 silly gunzTarPerm extractEntry ios-deploy.xcodeproj/xcuserdata/shaz.xcuserdatad/xcschemes/ios-deploy-lib.xcscheme
80 silly gunzTarPerm extractEntry ios-deploy.xcodeproj/xcuserdata/shaz.xcuserdatad/xcschemes/ios-deploy.xcscheme
81 silly gunzTarPerm extractEntry ios-deploy.xcodeproj/xcuserdata/shaz.xcuserdatad/xcschemes/xcschememanagement.plist
82 silly gunzTarPerm extractEntry src/ios-deploy/MobileDevice.h
83 silly gunzTarPerm extractEntry src/ios-deploy/errors.h
84 silly gunzTarPerm extractEntry src/ios-deploy/ios-deploy.m
85 silly gunzTarPerm extractEntry src/ios-deploy/version.h
86 silly gunzTarPerm extractEntry src/ios-deploy-lib/libios_deploy.h
87 silly gunzTarPerm extractEntry src/ios-deploy-lib/libios_deploy.m
88 silly gunzTarPerm extractEntry src/ios-deploy-tests/Info.plist
89 silly gunzTarPerm extractEntry src/ios-deploy-tests/ios_deploy_tests.m
90 silly gunzTarPerm extractEntry src/scripts/check_reqs.js
91 silly gunzTarPerm extractEntry src/scripts/lldb.py
92 verbose write writing to /usr/local/lib/node_modules/ios-deploy/package.json
93 info preinstall ios-deploy@1.8.6
94 verbose unsafe-perm in lifecycle false
95 info ios-deploy@1.8.6 Failed to exec preinstall script
96 verbose unlock done using /Users/yestar/.npm/_locks/ios-deploy-198957223cd98201.lock for /usr/local/lib/node_modules/ios-deploy
97 verbose stack Error: ios-deploy@1.8.6 preinstall: `./src/scripts/check_reqs.js && xcodebuild`
97 verbose stack Exit status 134
97 verbose stack     at EventEmitter.<anonymous> (/usr/local/lib/node_modules/npm/lib/utils/lifecycle.js:217:16)
97 verbose stack     at emitTwo (events.js:87:13)
97 verbose stack     at EventEmitter.emit (events.js:172:7)
97 verbose stack     at ChildProcess.<anonymous> (/usr/local/lib/node_modules/npm/lib/utils/spawn.js:24:14)
97 verbose stack     at emitTwo (events.js:87:13)
97 verbose stack     at ChildProcess.emit (events.js:172:7)
97 verbose stack     at maybeClose (internal/child_process.js:827:16)
97 verbose stack     at Process.ChildProcess._handle.onexit (internal/child_process.js:211:5)
98 verbose pkgid ios-deploy@1.8.6
99 verbose cwd /Data/iOSApps/adb-ionic
100 error Darwin 15.4.0
101 error argv "/usr/local/bin/node" "/usr/local/bin/npm" "install" "-g" "ios-deploy"
102 error node v4.4.2
103 error npm  v2.15.0
104 error code ELIFECYCLE
105 error ios-deploy@1.8.6 preinstall: `./src/scripts/check_reqs.js && xcodebuild`
105 error Exit status 134
106 error Failed at the ios-deploy@1.8.6 preinstall script './src/scripts/check_reqs.js && xcodebuild'.
106 error This is most likely a problem with the ios-deploy package,
106 error not with npm itself.
106 error Tell the author that this fails on your system:
106 error     ./src/scripts/check_reqs.js && xcodebuild
106 error You can get information on how to open an issue for this project with:
106 error     npm bugs ios-deploy
106 error Or if that isn't available, you can get their info via:
106 error
106 error     npm owner ls ios-deploy
106 error There is likely additional logging output above.
107 verbose exit [ 1, true ]
108 verbose unbuild lib/node_modules/ios-deploy
109 info preuninstall ios-deploy@1.8.6
110 info uninstall ios-deploy@1.8.6
111 verbose unbuild rmStuff ios-deploy@1.8.6 from /usr/local/lib/node_modules
112 silly gentlyRm /usr/local/bin/ios-deploy is being gently removed
113 silly gentlyRm verifying /usr/local is an npm working directory
114 silly gentlyRm containing path /usr/local is under npm's control, in /usr/local
115 silly gentlyRm deletion target /usr/local/bin/ios-deploy is under /usr/local
116 verbose gentlyRm vacuuming from /usr/local/bin/ios-deploy up to /usr/local
117 info postuninstall ios-deploy@1.8.6
118 silly gentlyRm /usr/local/lib/node_modules/ios-deploy is being purged from base /usr/local
119 verbose gentlyRm don't care about contents; nuking /usr/local/lib/node_modules/ios-deploy
120 silly vacuum-fs purging /usr/local/lib/node_modules/ios-deploy
121 silly vacuum-fs quitting because other entries in /usr/local/lib/node_modules
